[2025-03-27T13:39:16.663-0700] {processor.py:186} INFO - Started process (PID=71581) to work on /Users/spartan/airflow/dags/create_summary_dag.py
[2025-03-27T13:39:16.666-0700] {processor.py:914} INFO - Processing file /Users/spartan/airflow/dags/create_summary_dag.py for tasks to queue
[2025-03-27T13:39:16.667-0700] {logging_mixin.py:190} INFO - [2025-03-27T13:39:16.667-0700] {dagbag.py:588} INFO - Filling up the DagBag from /Users/spartan/airflow/dags/create_summary_dag.py
[2025-03-27T13:39:16.727-0700] {processor.py:925} INFO - DAG(s) 'create_analytics_summary' retrieved from /Users/spartan/airflow/dags/create_summary_dag.py
[2025-03-27T13:39:17.125-0700] {logging_mixin.py:190} INFO - [2025-03-27T13:39:17.125-0700] {override.py:1930} INFO - Created Permission View: can edit on DAG:create_analytics_summary
[2025-03-27T13:39:17.139-0700] {logging_mixin.py:190} INFO - [2025-03-27T13:39:17.138-0700] {override.py:1930} INFO - Created Permission View: can read on DAG:create_analytics_summary
[2025-03-27T13:39:17.149-0700] {logging_mixin.py:190} INFO - [2025-03-27T13:39:17.149-0700] {override.py:1930} INFO - Created Permission View: can delete on DAG:create_analytics_summary
[2025-03-27T13:39:17.165-0700] {logging_mixin.py:190} INFO - [2025-03-27T13:39:17.165-0700] {override.py:1930} INFO - Created Permission View: menu access on DAG Run:create_analytics_summary
[2025-03-27T13:39:17.175-0700] {logging_mixin.py:190} INFO - [2025-03-27T13:39:17.175-0700] {override.py:1930} INFO - Created Permission View: can read on DAG Run:create_analytics_summary
[2025-03-27T13:39:17.187-0700] {logging_mixin.py:190} INFO - [2025-03-27T13:39:17.186-0700] {override.py:1930} INFO - Created Permission View: can delete on DAG Run:create_analytics_summary
[2025-03-27T13:39:17.197-0700] {logging_mixin.py:190} INFO - [2025-03-27T13:39:17.197-0700] {override.py:1930} INFO - Created Permission View: can create on DAG Run:create_analytics_summary
[2025-03-27T13:39:17.198-0700] {logging_mixin.py:190} INFO - [2025-03-27T13:39:17.197-0700] {dag.py:3239} INFO - Sync 1 DAGs
[2025-03-27T13:39:17.214-0700] {logging_mixin.py:190} INFO - [2025-03-27T13:39:17.213-0700] {dag.py:3262} INFO - Creating ORM DAG for create_analytics_summary
[2025-03-27T13:39:17.214-0700] {logging_mixin.py:190} INFO - [2025-03-27T13:39:17.214-0700] {dag.py:4180} INFO - Setting next_dagrun for create_analytics_summary to None, run_after=None
[2025-03-27T13:39:17.253-0700] {processor.py:208} INFO - Processing /Users/spartan/airflow/dags/create_summary_dag.py took 0.596 seconds
[2025-03-27T13:39:19.655-0700] {processor.py:186} INFO - Started process (PID=71689) to work on /Users/spartan/airflow/dags/create_summary_dag.py
[2025-03-27T13:39:19.659-0700] {processor.py:914} INFO - Processing file /Users/spartan/airflow/dags/create_summary_dag.py for tasks to queue
[2025-03-27T13:39:19.661-0700] {logging_mixin.py:190} INFO - [2025-03-27T13:39:19.660-0700] {dagbag.py:588} INFO - Filling up the DagBag from /Users/spartan/airflow/dags/create_summary_dag.py
[2025-03-27T13:39:19.738-0700] {processor.py:925} INFO - DAG(s) 'create_analytics_summary' retrieved from /Users/spartan/airflow/dags/create_summary_dag.py
[2025-03-27T13:39:19.747-0700] {logging_mixin.py:190} INFO - [2025-03-27T13:39:19.747-0700] {dag.py:3239} INFO - Sync 1 DAGs
[2025-03-27T13:39:19.944-0700] {logging_mixin.py:190} INFO - [2025-03-27T13:39:19.944-0700] {dag.py:4180} INFO - Setting next_dagrun for create_analytics_summary to None, run_after=None
[2025-03-27T13:39:19.971-0700] {processor.py:208} INFO - Processing /Users/spartan/airflow/dags/create_summary_dag.py took 0.323 seconds
[2025-03-27T13:39:22.622-0700] {processor.py:186} INFO - Started process (PID=71785) to work on /Users/spartan/airflow/dags/create_summary_dag.py
[2025-03-27T13:39:22.625-0700] {processor.py:914} INFO - Processing file /Users/spartan/airflow/dags/create_summary_dag.py for tasks to queue
[2025-03-27T13:39:22.627-0700] {logging_mixin.py:190} INFO - [2025-03-27T13:39:22.627-0700] {dagbag.py:588} INFO - Filling up the DagBag from /Users/spartan/airflow/dags/create_summary_dag.py
[2025-03-27T13:39:22.686-0700] {processor.py:925} INFO - DAG(s) 'create_analytics_summary' retrieved from /Users/spartan/airflow/dags/create_summary_dag.py
[2025-03-27T13:39:22.697-0700] {logging_mixin.py:190} INFO - [2025-03-27T13:39:22.696-0700] {dag.py:3239} INFO - Sync 1 DAGs
[2025-03-27T13:39:22.888-0700] {logging_mixin.py:190} INFO - [2025-03-27T13:39:22.888-0700] {dag.py:4180} INFO - Setting next_dagrun for create_analytics_summary to None, run_after=None
[2025-03-27T13:39:22.915-0700] {processor.py:208} INFO - Processing /Users/spartan/airflow/dags/create_summary_dag.py took 0.303 seconds
[2025-03-27T13:40:15.726-0700] {processor.py:186} INFO - Started process (PID=73714) to work on /Users/spartan/airflow/dags/create_summary_dag.py
[2025-03-27T13:40:15.729-0700] {processor.py:914} INFO - Processing file /Users/spartan/airflow/dags/create_summary_dag.py for tasks to queue
[2025-03-27T13:40:15.731-0700] {logging_mixin.py:190} INFO - [2025-03-27T13:40:15.731-0700] {dagbag.py:588} INFO - Filling up the DagBag from /Users/spartan/airflow/dags/create_summary_dag.py
[2025-03-27T13:40:15.806-0700] {processor.py:925} INFO - DAG(s) 'create_analytics_summary' retrieved from /Users/spartan/airflow/dags/create_summary_dag.py
[2025-03-27T13:40:16.026-0700] {logging_mixin.py:190} INFO - [2025-03-27T13:40:16.025-0700] {dag.py:3239} INFO - Sync 1 DAGs
[2025-03-27T13:40:16.041-0700] {logging_mixin.py:190} INFO - [2025-03-27T13:40:16.040-0700] {dag.py:4180} INFO - Setting next_dagrun for create_analytics_summary to None, run_after=None
[2025-03-27T13:40:16.073-0700] {processor.py:208} INFO - Processing /Users/spartan/airflow/dags/create_summary_dag.py took 0.353 seconds
[2025-03-27T13:41:12.349-0700] {processor.py:186} INFO - Started process (PID=75840) to work on /Users/spartan/airflow/dags/create_summary_dag.py
[2025-03-27T13:41:12.352-0700] {processor.py:914} INFO - Processing file /Users/spartan/airflow/dags/create_summary_dag.py for tasks to queue
[2025-03-27T13:41:12.354-0700] {logging_mixin.py:190} INFO - [2025-03-27T13:41:12.353-0700] {dagbag.py:588} INFO - Filling up the DagBag from /Users/spartan/airflow/dags/create_summary_dag.py
[2025-03-27T13:41:12.414-0700] {processor.py:925} INFO - DAG(s) 'create_analytics_summary' retrieved from /Users/spartan/airflow/dags/create_summary_dag.py
[2025-03-27T13:41:12.602-0700] {logging_mixin.py:190} INFO - [2025-03-27T13:41:12.602-0700] {dag.py:3239} INFO - Sync 1 DAGs
[2025-03-27T13:41:12.615-0700] {logging_mixin.py:190} INFO - [2025-03-27T13:41:12.614-0700] {dag.py:4180} INFO - Setting next_dagrun for create_analytics_summary to None, run_after=None
[2025-03-27T13:41:12.637-0700] {processor.py:208} INFO - Processing /Users/spartan/airflow/dags/create_summary_dag.py took 0.299 seconds
[2025-03-27T13:44:15.515-0700] {processor.py:186} INFO - Started process (PID=82521) to work on /Users/spartan/airflow/dags/create_summary_dag.py
[2025-03-27T13:44:15.518-0700] {processor.py:914} INFO - Processing file /Users/spartan/airflow/dags/create_summary_dag.py for tasks to queue
[2025-03-27T13:44:15.520-0700] {logging_mixin.py:190} INFO - [2025-03-27T13:44:15.520-0700] {dagbag.py:588} INFO - Filling up the DagBag from /Users/spartan/airflow/dags/create_summary_dag.py
[2025-03-27T13:44:15.596-0700] {processor.py:925} INFO - DAG(s) 'create_analytics_summary' retrieved from /Users/spartan/airflow/dags/create_summary_dag.py
[2025-03-27T13:44:15.806-0700] {logging_mixin.py:190} INFO - [2025-03-27T13:44:15.805-0700] {dag.py:3239} INFO - Sync 1 DAGs
[2025-03-27T13:44:15.821-0700] {logging_mixin.py:190} INFO - [2025-03-27T13:44:15.821-0700] {dag.py:4180} INFO - Setting next_dagrun for create_analytics_summary to None, run_after=None
[2025-03-27T13:44:15.854-0700] {processor.py:208} INFO - Processing /Users/spartan/airflow/dags/create_summary_dag.py took 0.346 seconds
[2025-03-27T13:46:00.843-0700] {processor.py:186} INFO - Started process (PID=86315) to work on /Users/spartan/airflow/dags/create_summary_dag.py
[2025-03-27T13:46:00.847-0700] {processor.py:914} INFO - Processing file /Users/spartan/airflow/dags/create_summary_dag.py for tasks to queue
[2025-03-27T13:46:00.848-0700] {logging_mixin.py:190} INFO - [2025-03-27T13:46:00.848-0700] {dagbag.py:588} INFO - Filling up the DagBag from /Users/spartan/airflow/dags/create_summary_dag.py
[2025-03-27T13:46:00.923-0700] {processor.py:925} INFO - DAG(s) 'create_analytics_summary' retrieved from /Users/spartan/airflow/dags/create_summary_dag.py
[2025-03-27T13:46:01.114-0700] {logging_mixin.py:190} INFO - [2025-03-27T13:46:01.113-0700] {dag.py:3239} INFO - Sync 1 DAGs
[2025-03-27T13:46:01.127-0700] {logging_mixin.py:190} INFO - [2025-03-27T13:46:01.126-0700] {dag.py:4180} INFO - Setting next_dagrun for create_analytics_summary to None, run_after=None
[2025-03-27T13:46:01.151-0700] {processor.py:208} INFO - Processing /Users/spartan/airflow/dags/create_summary_dag.py took 0.319 seconds
[2025-03-27T13:46:50.625-0700] {processor.py:186} INFO - Started process (PID=88171) to work on /Users/spartan/airflow/dags/create_summary_dag.py
[2025-03-27T13:46:50.631-0700] {processor.py:914} INFO - Processing file /Users/spartan/airflow/dags/create_summary_dag.py for tasks to queue
[2025-03-27T13:46:50.632-0700] {logging_mixin.py:190} INFO - [2025-03-27T13:46:50.632-0700] {dagbag.py:588} INFO - Filling up the DagBag from /Users/spartan/airflow/dags/create_summary_dag.py
[2025-03-27T13:46:50.721-0700] {processor.py:925} INFO - DAG(s) 'create_analytics_summary' retrieved from /Users/spartan/airflow/dags/create_summary_dag.py
[2025-03-27T13:46:50.904-0700] {logging_mixin.py:190} INFO - [2025-03-27T13:46:50.904-0700] {dag.py:3239} INFO - Sync 1 DAGs
[2025-03-27T13:46:50.917-0700] {logging_mixin.py:190} INFO - [2025-03-27T13:46:50.917-0700] {dag.py:4180} INFO - Setting next_dagrun for create_analytics_summary to None, run_after=None
[2025-03-27T13:46:50.945-0700] {processor.py:208} INFO - Processing /Users/spartan/airflow/dags/create_summary_dag.py took 0.332 seconds
[2025-03-27T13:50:03.809-0700] {processor.py:186} INFO - Started process (PID=95271) to work on /Users/spartan/airflow/dags/create_summary_dag.py
[2025-03-27T13:50:03.815-0700] {processor.py:914} INFO - Processing file /Users/spartan/airflow/dags/create_summary_dag.py for tasks to queue
[2025-03-27T13:50:03.816-0700] {logging_mixin.py:190} INFO - [2025-03-27T13:50:03.816-0700] {dagbag.py:588} INFO - Filling up the DagBag from /Users/spartan/airflow/dags/create_summary_dag.py
[2025-03-27T13:50:03.885-0700] {processor.py:925} INFO - DAG(s) 'create_analytics_summary' retrieved from /Users/spartan/airflow/dags/create_summary_dag.py
[2025-03-27T13:50:04.091-0700] {logging_mixin.py:190} INFO - [2025-03-27T13:50:04.091-0700] {dag.py:3239} INFO - Sync 1 DAGs
[2025-03-27T13:50:04.105-0700] {logging_mixin.py:190} INFO - [2025-03-27T13:50:04.105-0700] {dag.py:4180} INFO - Setting next_dagrun for create_analytics_summary to None, run_after=None
[2025-03-27T13:50:04.138-0700] {processor.py:208} INFO - Processing /Users/spartan/airflow/dags/create_summary_dag.py took 0.334 seconds
[2025-03-27T13:51:27.449-0700] {processor.py:186} INFO - Started process (PID=98391) to work on /Users/spartan/airflow/dags/create_summary_dag.py
[2025-03-27T13:51:27.451-0700] {processor.py:914} INFO - Processing file /Users/spartan/airflow/dags/create_summary_dag.py for tasks to queue
[2025-03-27T13:51:27.453-0700] {logging_mixin.py:190} INFO - [2025-03-27T13:51:27.453-0700] {dagbag.py:588} INFO - Filling up the DagBag from /Users/spartan/airflow/dags/create_summary_dag.py
[2025-03-27T13:51:27.523-0700] {processor.py:925} INFO - DAG(s) 'create_analytics_summary' retrieved from /Users/spartan/airflow/dags/create_summary_dag.py
[2025-03-27T13:51:27.720-0700] {logging_mixin.py:190} INFO - [2025-03-27T13:51:27.719-0700] {dag.py:3239} INFO - Sync 1 DAGs
[2025-03-27T13:51:27.734-0700] {logging_mixin.py:190} INFO - [2025-03-27T13:51:27.734-0700] {dag.py:4180} INFO - Setting next_dagrun for create_analytics_summary to None, run_after=None
[2025-03-27T13:51:27.780-0700] {processor.py:208} INFO - Processing /Users/spartan/airflow/dags/create_summary_dag.py took 0.341 seconds
[2025-03-27T13:52:19.549-0700] {processor.py:186} INFO - Started process (PID=373) to work on /Users/spartan/airflow/dags/create_summary_dag.py
[2025-03-27T13:52:19.553-0700] {processor.py:914} INFO - Processing file /Users/spartan/airflow/dags/create_summary_dag.py for tasks to queue
[2025-03-27T13:52:19.555-0700] {logging_mixin.py:190} INFO - [2025-03-27T13:52:19.555-0700] {dagbag.py:588} INFO - Filling up the DagBag from /Users/spartan/airflow/dags/create_summary_dag.py
[2025-03-27T13:52:19.684-0700] {processor.py:925} INFO - DAG(s) 'create_analytics_summary' retrieved from /Users/spartan/airflow/dags/create_summary_dag.py
[2025-03-27T13:52:20.051-0700] {logging_mixin.py:190} INFO - [2025-03-27T13:52:20.050-0700] {dag.py:3239} INFO - Sync 1 DAGs
[2025-03-27T13:52:20.066-0700] {logging_mixin.py:190} INFO - [2025-03-27T13:52:20.065-0700] {dag.py:4180} INFO - Setting next_dagrun for create_analytics_summary to None, run_after=None
[2025-03-27T13:52:20.159-0700] {processor.py:208} INFO - Processing /Users/spartan/airflow/dags/create_summary_dag.py took 0.621 seconds
[2025-03-27T13:55:26.077-0700] {processor.py:186} INFO - Started process (PID=7476) to work on /Users/spartan/airflow/dags/create_summary_dag.py
[2025-03-27T13:55:26.080-0700] {processor.py:914} INFO - Processing file /Users/spartan/airflow/dags/create_summary_dag.py for tasks to queue
[2025-03-27T13:55:26.081-0700] {logging_mixin.py:190} INFO - [2025-03-27T13:55:26.081-0700] {dagbag.py:588} INFO - Filling up the DagBag from /Users/spartan/airflow/dags/create_summary_dag.py
[2025-03-27T13:55:26.140-0700] {processor.py:925} INFO - DAG(s) 'create_analytics_summary' retrieved from /Users/spartan/airflow/dags/create_summary_dag.py
[2025-03-27T13:55:26.321-0700] {logging_mixin.py:190} INFO - [2025-03-27T13:55:26.320-0700] {dag.py:3239} INFO - Sync 1 DAGs
[2025-03-27T13:55:26.334-0700] {logging_mixin.py:190} INFO - [2025-03-27T13:55:26.333-0700] {dag.py:4180} INFO - Setting next_dagrun for create_analytics_summary to None, run_after=None
[2025-03-27T13:55:26.363-0700] {processor.py:208} INFO - Processing /Users/spartan/airflow/dags/create_summary_dag.py took 0.289 seconds
[2025-03-27T13:57:14.623-0700] {processor.py:186} INFO - Started process (PID=11440) to work on /Users/spartan/airflow/dags/create_summary_dag.py
[2025-03-27T13:57:14.626-0700] {processor.py:914} INFO - Processing file /Users/spartan/airflow/dags/create_summary_dag.py for tasks to queue
[2025-03-27T13:57:14.627-0700] {logging_mixin.py:190} INFO - [2025-03-27T13:57:14.627-0700] {dagbag.py:588} INFO - Filling up the DagBag from /Users/spartan/airflow/dags/create_summary_dag.py
[2025-03-27T13:57:14.689-0700] {processor.py:925} INFO - DAG(s) 'create_analytics_summary' retrieved from /Users/spartan/airflow/dags/create_summary_dag.py
[2025-03-27T13:57:14.902-0700] {logging_mixin.py:190} INFO - [2025-03-27T13:57:14.902-0700] {dag.py:3239} INFO - Sync 1 DAGs
[2025-03-27T13:57:14.916-0700] {logging_mixin.py:190} INFO - [2025-03-27T13:57:14.916-0700] {dag.py:4180} INFO - Setting next_dagrun for create_analytics_summary to None, run_after=None
[2025-03-27T13:57:14.945-0700] {processor.py:208} INFO - Processing /Users/spartan/airflow/dags/create_summary_dag.py took 0.328 seconds
[2025-03-27T13:58:19.881-0700] {processor.py:186} INFO - Started process (PID=13825) to work on /Users/spartan/airflow/dags/create_summary_dag.py
[2025-03-27T13:58:19.884-0700] {processor.py:914} INFO - Processing file /Users/spartan/airflow/dags/create_summary_dag.py for tasks to queue
[2025-03-27T13:58:19.886-0700] {logging_mixin.py:190} INFO - [2025-03-27T13:58:19.885-0700] {dagbag.py:588} INFO - Filling up the DagBag from /Users/spartan/airflow/dags/create_summary_dag.py
[2025-03-27T13:58:19.988-0700] {processor.py:925} INFO - DAG(s) 'create_analytics_summary' retrieved from /Users/spartan/airflow/dags/create_summary_dag.py
[2025-03-27T13:58:20.199-0700] {logging_mixin.py:190} INFO - [2025-03-27T13:58:20.198-0700] {dag.py:3239} INFO - Sync 1 DAGs
[2025-03-27T13:58:20.213-0700] {logging_mixin.py:190} INFO - [2025-03-27T13:58:20.213-0700] {dag.py:4180} INFO - Setting next_dagrun for create_analytics_summary to None, run_after=None
[2025-03-27T13:58:20.240-0700] {processor.py:208} INFO - Processing /Users/spartan/airflow/dags/create_summary_dag.py took 0.368 seconds
[2025-03-27T14:01:16.175-0700] {processor.py:186} INFO - Started process (PID=20370) to work on /Users/spartan/airflow/dags/create_summary_dag.py
[2025-03-27T14:01:16.177-0700] {processor.py:914} INFO - Processing file /Users/spartan/airflow/dags/create_summary_dag.py for tasks to queue
[2025-03-27T14:01:16.179-0700] {logging_mixin.py:190} INFO - [2025-03-27T14:01:16.179-0700] {dagbag.py:588} INFO - Filling up the DagBag from /Users/spartan/airflow/dags/create_summary_dag.py
[2025-03-27T14:01:16.256-0700] {processor.py:925} INFO - DAG(s) 'create_analytics_summary' retrieved from /Users/spartan/airflow/dags/create_summary_dag.py
[2025-03-27T14:01:16.440-0700] {logging_mixin.py:190} INFO - [2025-03-27T14:01:16.439-0700] {dag.py:3239} INFO - Sync 1 DAGs
[2025-03-27T14:01:16.451-0700] {logging_mixin.py:190} INFO - [2025-03-27T14:01:16.451-0700] {dag.py:4180} INFO - Setting next_dagrun for create_analytics_summary to None, run_after=None
[2025-03-27T14:01:16.475-0700] {processor.py:208} INFO - Processing /Users/spartan/airflow/dags/create_summary_dag.py took 0.310 seconds
[2025-03-27T14:02:46.720-0700] {processor.py:186} INFO - Started process (PID=23731) to work on /Users/spartan/airflow/dags/create_summary_dag.py
[2025-03-27T14:02:46.723-0700] {processor.py:914} INFO - Processing file /Users/spartan/airflow/dags/create_summary_dag.py for tasks to queue
[2025-03-27T14:02:46.724-0700] {logging_mixin.py:190} INFO - [2025-03-27T14:02:46.724-0700] {dagbag.py:588} INFO - Filling up the DagBag from /Users/spartan/airflow/dags/create_summary_dag.py
[2025-03-27T14:02:46.797-0700] {processor.py:925} INFO - DAG(s) 'create_analytics_summary' retrieved from /Users/spartan/airflow/dags/create_summary_dag.py
[2025-03-27T14:02:46.991-0700] {logging_mixin.py:190} INFO - [2025-03-27T14:02:46.991-0700] {dag.py:3239} INFO - Sync 1 DAGs
[2025-03-27T14:02:47.004-0700] {logging_mixin.py:190} INFO - [2025-03-27T14:02:47.004-0700] {dag.py:4180} INFO - Setting next_dagrun for create_analytics_summary to None, run_after=None
[2025-03-27T14:02:47.031-0700] {processor.py:208} INFO - Processing /Users/spartan/airflow/dags/create_summary_dag.py took 0.316 seconds
[2025-03-27T14:03:40.519-0700] {processor.py:186} INFO - Started process (PID=25631) to work on /Users/spartan/airflow/dags/create_summary_dag.py
[2025-03-27T14:03:40.521-0700] {processor.py:914} INFO - Processing file /Users/spartan/airflow/dags/create_summary_dag.py for tasks to queue
[2025-03-27T14:03:40.523-0700] {logging_mixin.py:190} INFO - [2025-03-27T14:03:40.523-0700] {dagbag.py:588} INFO - Filling up the DagBag from /Users/spartan/airflow/dags/create_summary_dag.py
[2025-03-27T14:03:40.586-0700] {processor.py:925} INFO - DAG(s) 'create_analytics_summary' retrieved from /Users/spartan/airflow/dags/create_summary_dag.py
[2025-03-27T14:03:40.744-0700] {logging_mixin.py:190} INFO - [2025-03-27T14:03:40.744-0700] {dag.py:3239} INFO - Sync 1 DAGs
[2025-03-27T14:03:40.754-0700] {logging_mixin.py:190} INFO - [2025-03-27T14:03:40.754-0700] {dag.py:4180} INFO - Setting next_dagrun for create_analytics_summary to None, run_after=None
[2025-03-27T14:03:40.774-0700] {processor.py:208} INFO - Processing /Users/spartan/airflow/dags/create_summary_dag.py took 0.264 seconds
[2025-03-27T14:06:01.132-0700] {processor.py:186} INFO - Started process (PID=31092) to work on /Users/spartan/airflow/dags/create_summary_dag.py
[2025-03-27T14:06:01.135-0700] {processor.py:914} INFO - Processing file /Users/spartan/airflow/dags/create_summary_dag.py for tasks to queue
[2025-03-27T14:06:01.136-0700] {logging_mixin.py:190} INFO - [2025-03-27T14:06:01.136-0700] {dagbag.py:588} INFO - Filling up the DagBag from /Users/spartan/airflow/dags/create_summary_dag.py
[2025-03-27T14:06:01.191-0700] {processor.py:925} INFO - DAG(s) 'create_analytics_summary' retrieved from /Users/spartan/airflow/dags/create_summary_dag.py
[2025-03-27T14:06:01.354-0700] {logging_mixin.py:190} INFO - [2025-03-27T14:06:01.354-0700] {dag.py:3239} INFO - Sync 1 DAGs
[2025-03-27T14:06:01.365-0700] {logging_mixin.py:190} INFO - [2025-03-27T14:06:01.365-0700] {dag.py:4180} INFO - Setting next_dagrun for create_analytics_summary to None, run_after=None
[2025-03-27T14:06:01.403-0700] {processor.py:208} INFO - Processing /Users/spartan/airflow/dags/create_summary_dag.py took 0.276 seconds
[2025-03-27T14:07:46.002-0700] {processor.py:186} INFO - Started process (PID=35018) to work on /Users/spartan/airflow/dags/create_summary_dag.py
[2025-03-27T14:07:46.004-0700] {processor.py:914} INFO - Processing file /Users/spartan/airflow/dags/create_summary_dag.py for tasks to queue
[2025-03-27T14:07:46.005-0700] {logging_mixin.py:190} INFO - [2025-03-27T14:07:46.005-0700] {dagbag.py:588} INFO - Filling up the DagBag from /Users/spartan/airflow/dags/create_summary_dag.py
[2025-03-27T14:07:46.046-0700] {processor.py:925} INFO - DAG(s) 'create_analytics_summary' retrieved from /Users/spartan/airflow/dags/create_summary_dag.py
[2025-03-27T14:07:46.202-0700] {logging_mixin.py:190} INFO - [2025-03-27T14:07:46.201-0700] {dag.py:3239} INFO - Sync 1 DAGs
[2025-03-27T14:07:46.211-0700] {logging_mixin.py:190} INFO - [2025-03-27T14:07:46.210-0700] {dag.py:4180} INFO - Setting next_dagrun for create_analytics_summary to None, run_after=None
[2025-03-27T14:07:46.231-0700] {processor.py:208} INFO - Processing /Users/spartan/airflow/dags/create_summary_dag.py took 0.233 seconds
[2025-03-27T14:08:44.560-0700] {processor.py:186} INFO - Started process (PID=37193) to work on /Users/spartan/airflow/dags/create_summary_dag.py
[2025-03-27T14:08:44.562-0700] {processor.py:914} INFO - Processing file /Users/spartan/airflow/dags/create_summary_dag.py for tasks to queue
[2025-03-27T14:08:44.564-0700] {logging_mixin.py:190} INFO - [2025-03-27T14:08:44.563-0700] {dagbag.py:588} INFO - Filling up the DagBag from /Users/spartan/airflow/dags/create_summary_dag.py
[2025-03-27T14:08:44.619-0700] {processor.py:925} INFO - DAG(s) 'create_analytics_summary' retrieved from /Users/spartan/airflow/dags/create_summary_dag.py
[2025-03-27T14:08:44.784-0700] {logging_mixin.py:190} INFO - [2025-03-27T14:08:44.783-0700] {dag.py:3239} INFO - Sync 1 DAGs
[2025-03-27T14:08:44.794-0700] {logging_mixin.py:190} INFO - [2025-03-27T14:08:44.794-0700] {dag.py:4180} INFO - Setting next_dagrun for create_analytics_summary to None, run_after=None
[2025-03-27T14:08:44.814-0700] {processor.py:208} INFO - Processing /Users/spartan/airflow/dags/create_summary_dag.py took 0.262 seconds
[2025-03-27T14:11:08.602-0700] {processor.py:186} INFO - Started process (PID=42483) to work on /Users/spartan/airflow/dags/create_summary_dag.py
[2025-03-27T14:11:08.604-0700] {processor.py:914} INFO - Processing file /Users/spartan/airflow/dags/create_summary_dag.py for tasks to queue
[2025-03-27T14:11:08.606-0700] {logging_mixin.py:190} INFO - [2025-03-27T14:11:08.605-0700] {dagbag.py:588} INFO - Filling up the DagBag from /Users/spartan/airflow/dags/create_summary_dag.py
[2025-03-27T14:11:08.655-0700] {processor.py:925} INFO - DAG(s) 'create_analytics_summary' retrieved from /Users/spartan/airflow/dags/create_summary_dag.py
[2025-03-27T14:11:08.816-0700] {logging_mixin.py:190} INFO - [2025-03-27T14:11:08.815-0700] {dag.py:3239} INFO - Sync 1 DAGs
[2025-03-27T14:11:08.825-0700] {logging_mixin.py:190} INFO - [2025-03-27T14:11:08.825-0700] {dag.py:4180} INFO - Setting next_dagrun for create_analytics_summary to None, run_after=None
[2025-03-27T14:11:08.845-0700] {processor.py:208} INFO - Processing /Users/spartan/airflow/dags/create_summary_dag.py took 0.247 seconds
[2025-03-27T14:12:47.165-0700] {processor.py:186} INFO - Started process (PID=46173) to work on /Users/spartan/airflow/dags/create_summary_dag.py
[2025-03-27T14:12:47.168-0700] {processor.py:914} INFO - Processing file /Users/spartan/airflow/dags/create_summary_dag.py for tasks to queue
[2025-03-27T14:12:47.169-0700] {logging_mixin.py:190} INFO - [2025-03-27T14:12:47.169-0700] {dagbag.py:588} INFO - Filling up the DagBag from /Users/spartan/airflow/dags/create_summary_dag.py
[2025-03-27T14:12:47.233-0700] {processor.py:925} INFO - DAG(s) 'create_analytics_summary' retrieved from /Users/spartan/airflow/dags/create_summary_dag.py
[2025-03-27T14:12:47.407-0700] {logging_mixin.py:190} INFO - [2025-03-27T14:12:47.407-0700] {dag.py:3239} INFO - Sync 1 DAGs
[2025-03-27T14:12:47.419-0700] {logging_mixin.py:190} INFO - [2025-03-27T14:12:47.418-0700] {dag.py:4180} INFO - Setting next_dagrun for create_analytics_summary to None, run_after=None
[2025-03-27T14:12:47.447-0700] {processor.py:208} INFO - Processing /Users/spartan/airflow/dags/create_summary_dag.py took 0.290 seconds
[2025-03-27T14:13:42.558-0700] {processor.py:186} INFO - Started process (PID=48237) to work on /Users/spartan/airflow/dags/create_summary_dag.py
[2025-03-27T14:13:42.561-0700] {processor.py:914} INFO - Processing file /Users/spartan/airflow/dags/create_summary_dag.py for tasks to queue
[2025-03-27T14:13:42.563-0700] {logging_mixin.py:190} INFO - [2025-03-27T14:13:42.563-0700] {dagbag.py:588} INFO - Filling up the DagBag from /Users/spartan/airflow/dags/create_summary_dag.py
[2025-03-27T14:13:42.626-0700] {processor.py:925} INFO - DAG(s) 'create_analytics_summary' retrieved from /Users/spartan/airflow/dags/create_summary_dag.py
[2025-03-27T14:13:42.813-0700] {logging_mixin.py:190} INFO - [2025-03-27T14:13:42.813-0700] {dag.py:3239} INFO - Sync 1 DAGs
[2025-03-27T14:13:42.824-0700] {logging_mixin.py:190} INFO - [2025-03-27T14:13:42.824-0700] {dag.py:4180} INFO - Setting next_dagrun for create_analytics_summary to None, run_after=None
[2025-03-27T14:13:42.853-0700] {processor.py:208} INFO - Processing /Users/spartan/airflow/dags/create_summary_dag.py took 0.300 seconds
[2025-03-27T14:16:17.002-0700] {processor.py:186} INFO - Started process (PID=53806) to work on /Users/spartan/airflow/dags/create_summary_dag.py
[2025-03-27T14:16:17.005-0700] {processor.py:914} INFO - Processing file /Users/spartan/airflow/dags/create_summary_dag.py for tasks to queue
[2025-03-27T14:16:17.006-0700] {logging_mixin.py:190} INFO - [2025-03-27T14:16:17.006-0700] {dagbag.py:588} INFO - Filling up the DagBag from /Users/spartan/airflow/dags/create_summary_dag.py
[2025-03-27T14:16:17.076-0700] {processor.py:925} INFO - DAG(s) 'create_analytics_summary' retrieved from /Users/spartan/airflow/dags/create_summary_dag.py
[2025-03-27T14:16:17.231-0700] {logging_mixin.py:190} INFO - [2025-03-27T14:16:17.231-0700] {dag.py:3239} INFO - Sync 1 DAGs
[2025-03-27T14:16:17.241-0700] {logging_mixin.py:190} INFO - [2025-03-27T14:16:17.241-0700] {dag.py:4180} INFO - Setting next_dagrun for create_analytics_summary to None, run_after=None
[2025-03-27T14:16:17.261-0700] {processor.py:208} INFO - Processing /Users/spartan/airflow/dags/create_summary_dag.py took 0.265 seconds
[2025-03-27T14:17:47.509-0700] {processor.py:186} INFO - Started process (PID=57316) to work on /Users/spartan/airflow/dags/create_summary_dag.py
[2025-03-27T14:17:47.511-0700] {processor.py:914} INFO - Processing file /Users/spartan/airflow/dags/create_summary_dag.py for tasks to queue
[2025-03-27T14:17:47.513-0700] {logging_mixin.py:190} INFO - [2025-03-27T14:17:47.513-0700] {dagbag.py:588} INFO - Filling up the DagBag from /Users/spartan/airflow/dags/create_summary_dag.py
[2025-03-27T14:17:47.568-0700] {processor.py:925} INFO - DAG(s) 'create_analytics_summary' retrieved from /Users/spartan/airflow/dags/create_summary_dag.py
[2025-03-27T14:17:47.737-0700] {logging_mixin.py:190} INFO - [2025-03-27T14:17:47.736-0700] {dag.py:3239} INFO - Sync 1 DAGs
[2025-03-27T14:17:47.748-0700] {logging_mixin.py:190} INFO - [2025-03-27T14:17:47.747-0700] {dag.py:4180} INFO - Setting next_dagrun for create_analytics_summary to None, run_after=None
[2025-03-27T14:17:47.769-0700] {processor.py:208} INFO - Processing /Users/spartan/airflow/dags/create_summary_dag.py took 0.266 seconds
[2025-03-27T14:18:45.022-0700] {processor.py:186} INFO - Started process (PID=59443) to work on /Users/spartan/airflow/dags/create_summary_dag.py
[2025-03-27T14:18:45.025-0700] {processor.py:914} INFO - Processing file /Users/spartan/airflow/dags/create_summary_dag.py for tasks to queue
[2025-03-27T14:18:45.026-0700] {logging_mixin.py:190} INFO - [2025-03-27T14:18:45.026-0700] {dagbag.py:588} INFO - Filling up the DagBag from /Users/spartan/airflow/dags/create_summary_dag.py
[2025-03-27T14:18:45.069-0700] {processor.py:925} INFO - DAG(s) 'create_analytics_summary' retrieved from /Users/spartan/airflow/dags/create_summary_dag.py
[2025-03-27T14:18:45.219-0700] {logging_mixin.py:190} INFO - [2025-03-27T14:18:45.219-0700] {dag.py:3239} INFO - Sync 1 DAGs
[2025-03-27T14:18:45.230-0700] {logging_mixin.py:190} INFO - [2025-03-27T14:18:45.229-0700] {dag.py:4180} INFO - Setting next_dagrun for create_analytics_summary to None, run_after=None
[2025-03-27T14:18:45.256-0700] {processor.py:208} INFO - Processing /Users/spartan/airflow/dags/create_summary_dag.py took 0.237 seconds
[2025-03-27T14:21:09.868-0700] {processor.py:186} INFO - Started process (PID=64661) to work on /Users/spartan/airflow/dags/create_summary_dag.py
[2025-03-27T14:21:09.872-0700] {processor.py:914} INFO - Processing file /Users/spartan/airflow/dags/create_summary_dag.py for tasks to queue
[2025-03-27T14:21:09.874-0700] {logging_mixin.py:190} INFO - [2025-03-27T14:21:09.874-0700] {dagbag.py:588} INFO - Filling up the DagBag from /Users/spartan/airflow/dags/create_summary_dag.py
[2025-03-27T14:21:09.990-0700] {processor.py:925} INFO - DAG(s) 'create_analytics_summary' retrieved from /Users/spartan/airflow/dags/create_summary_dag.py
[2025-03-27T14:21:10.196-0700] {logging_mixin.py:190} INFO - [2025-03-27T14:21:10.196-0700] {dag.py:3239} INFO - Sync 1 DAGs
[2025-03-27T14:21:10.209-0700] {logging_mixin.py:190} INFO - [2025-03-27T14:21:10.209-0700] {dag.py:4180} INFO - Setting next_dagrun for create_analytics_summary to None, run_after=None
[2025-03-27T14:21:10.245-0700] {processor.py:208} INFO - Processing /Users/spartan/airflow/dags/create_summary_dag.py took 0.386 seconds
